<?xml version="1.0" encoding="UTF-8"?>
<testng-results skipped="0" failed="1" ignored="0" total="3" passed="2">
  <reporter-output>
  </reporter-output>
  <suite name="Default suite" duration-ms="24541" started-at="2019-04-23T05:12:41Z" finished-at="2019-04-23T05:13:06Z">
    <groups>
    </groups>
    <test name="Default test" duration-ms="24541" started-at="2019-04-23T05:12:41Z" finished-at="2019-04-23T05:13:06Z">
      <class name="assignmentTwoTests.TC_001">
        <test-method status="PASS" signature="setUpTest()[pri:0, instance:assignmentTwoTests.TC_001@4b9e13df]" name="setUpTest" is-config="true" duration-ms="11007" started-at="2019-04-23T05:12:41Z" finished-at="2019-04-23T05:12:52Z">
          <reporter-output>
          </reporter-output>
        </test-method> <!-- setUpTest -->
        <test-method status="PASS" signature="SearchFlights()[pri:0, instance:assignmentTwoTests.TC_001@4b9e13df]" name="SearchFlights" duration-ms="3759" started-at="2019-04-23T05:12:52Z" finished-at="2019-04-23T05:12:56Z">
          <reporter-output>
          </reporter-output>
        </test-method> <!-- SearchFlights -->
        <test-method status="PASS" signature="SearchResults()[pri:0, instance:assignmentTwoTests.TC_001@4b9e13df]" name="SearchResults" duration-ms="8847" started-at="2019-04-23T05:12:56Z" finished-at="2019-04-23T05:13:05Z">
          <reporter-output>
          </reporter-output>
        </test-method> <!-- SearchResults -->
        <test-method status="FAIL" signature="verifyFlightDetails()[pri:0, instance:assignmentTwoTests.TC_001@4b9e13df]" name="verifyFlightDetails" duration-ms="896" started-at="2019-04-23T05:13:05Z" finished-at="2019-04-23T05:13:06Z">
          <exception class="java.lang.AssertionError">
            <message>
              <![CDATA[expected [10603] but found [10603]]]>
            </message>
            <full-stacktrace>
              <![CDATA[java.lang.AssertionError: expected [10603] but found [10603]
at org.testng.Assert.fail(Assert.java:96)
at org.testng.Assert.failNotEquals(Assert.java:776)
at org.testng.Assert.assertEqualsImpl(Assert.java:137)
at org.testng.Assert.assertEquals(Assert.java:118)
at org.testng.Assert.assertEquals(Assert.java:442)
at assignmentTwoPages.flightResultPage.planTrip(flightResultPage.java:107)
at assignmentTwoTests.TC_001.verifyFlightDetails(TC_001.java:63)
at sun.reflect.NativeMethodAccessorImpl.invoke0(Native Method)
at sun.reflect.NativeMethodAccessorImpl.invoke(Unknown Source)
at sun.reflect.DelegatingMethodAccessorImpl.invoke(Unknown Source)
at java.lang.reflect.Method.invoke(Unknown Source)
at org.testng.internal.MethodInvocationHelper.invokeMethod(MethodInvocationHelper.java:124)
at org.testng.internal.Invoker.invokeMethod(Invoker.java:583)
at org.testng.internal.Invoker.invokeTestMethod(Invoker.java:719)
at org.testng.internal.Invoker.invokeTestMethods(Invoker.java:989)
at org.testng.internal.TestMethodWorker.invokeTestMethods(TestMethodWorker.java:125)
at org.testng.internal.TestMethodWorker.run(TestMethodWorker.java:109)
at org.testng.TestRunner.privateRun(TestRunner.java:648)
at org.testng.TestRunner.run(TestRunner.java:505)
at org.testng.SuiteRunner.runTest(SuiteRunner.java:455)
at org.testng.SuiteRunner.runSequentially(SuiteRunner.java:450)
at org.testng.SuiteRunner.privateRun(SuiteRunner.java:415)
at org.testng.SuiteRunner.run(SuiteRunner.java:364)
at org.testng.SuiteRunnerWorker.runSuite(SuiteRunnerWorker.java:52)
at org.testng.SuiteRunnerWorker.run(SuiteRunnerWorker.java:84)
at org.testng.TestNG.runSuitesSequentially(TestNG.java:1208)
at org.testng.TestNG.runSuitesLocally(TestNG.java:1137)
at org.testng.TestNG.runSuites(TestNG.java:1049)
at org.testng.TestNG.run(TestNG.java:1017)
at org.testng.remote.AbstractRemoteTestNG.run(AbstractRemoteTestNG.java:115)
at org.testng.remote.RemoteTestNG.initAndRun(RemoteTestNG.java:251)
at org.testng.remote.RemoteTestNG.main(RemoteTestNG.java:77)
]]>
            </full-stacktrace>
          </exception> <!-- java.lang.AssertionError -->
          <reporter-output>
          </reporter-output>
        </test-method> <!-- verifyFlightDetails -->
        <test-method status="PASS" signature="tearDownTest()[pri:0, instance:assignmentTwoTests.TC_001@4b9e13df]" name="tearDownTest" is-config="true" duration-ms="0" started-at="2019-04-23T05:13:06Z" finished-at="2019-04-23T05:13:06Z">
          <reporter-output>
          </reporter-output>
        </test-method> <!-- tearDownTest -->
      </class> <!-- assignmentTwoTests.TC_001 -->
    </test> <!-- Default test -->
  </suite> <!-- Default suite -->
</testng-results>
